<?xml version="1.0" encoding="UTF-8" ?>
<testsuites disabled="0" errors="0" failures="1" tests="2" time="6.671">
 <testsuite name="calculator tests" timestamp="2022-06-13T17:19:12" hostname="localhost" time="6.671" errors="0" tests="2" skipped="0" disabled="0" failures="1">
  <testcase classname="calculator tests" name="addition test" time="4.153" />
  <testcase classname="calculator tests" name="subtraction test" time="2.513">
   <failure type="toEqual" message="Expected &apos;5:19:19 PM&apos; to equal &apos;5&apos;."><![CDATA[Error: Failed expectation
    at CalculatorPage.verifyResult (/home/umar/Desktop/Protractor_CIP/ProtractorFramework/locator/calculator.js:18:32)
    at UserContext.<anonymous> (/home/umar/Desktop/Protractor_CIP/ProtractorFramework/tests/calculator.js:23:24)
    at /home/umar/.nvm/versions/node/v12.16.1/lib/node_modules/protractor/node_modules/jasminewd2/index.js:112:25
    at new ManagedPromise (/home/umar/.nvm/versions/node/v12.16.1/lib/node_modules/protractor/node_modules/selenium-webdriver/lib/promise.js:1077:7)
    at ControlFlow.promise (/home/umar/.nvm/versions/node/v12.16.1/lib/node_modules/protractor/node_modules/selenium-webdriver/lib/promise.js:2505:12)
    at schedulerExecute (/home/umar/.nvm/versions/node/v12.16.1/lib/node_modules/protractor/node_modules/jasminewd2/index.js:95:18)
    at TaskQueue.execute_ (/home/umar/.nvm/versions/node/v12.16.1/lib/node_modules/protractor/node_modules/selenium-webdriver/lib/promise.js:3084:14)
    at TaskQueue.executeNext_ (/home/umar/.nvm/versions/node/v12.16.1/lib/node_modules/protractor/node_modules/selenium-webdriver/lib/promise.js:3067:27)
    at /home/umar/.nvm/versions/node/v12.16.1/lib/node_modules/protractor/node_modules/selenium-webdriver/lib/promise.js:2974:25]]>
   </failure>
  </testcase>
 </testsuite>
</testsuites>