<?xml version="1.0" encoding="UTF-8" ?>
<testsuites disabled="0" errors="0" failures="1" tests="2" time="5.877">
 <testsuite name="calculator tests" timestamp="2022-06-22T13:31:06" hostname="localhost" time="5.877" errors="0" tests="2" skipped="0" disabled="0" failures="1">
  <testcase classname="calculator tests" name="addition test" time="3.344" />
  <testcase classname="calculator tests" name="subtraction test" time="2.528">
   <failure type="exception" message="Failed: No element found using locator: by.cssContainingText(&quot;.ng-binding&quot;, &quot;5&quot;)"><![CDATA[NoSuchElementError: No element found using locator: by.cssContainingText(".ng-binding", "5")
    at /home/umar/.nvm/versions/node/v12.16.1/lib/node_modules/protractor/built/element.js:814:27
    at ManagedPromise.invokeCallback_ (/home/umar/.nvm/versions/node/v12.16.1/lib/node_modules/protractor/node_modules/selenium-webdriver/lib/promise.js:1376:14)
    at TaskQueue.execute_ (/home/umar/.nvm/versions/node/v12.16.1/lib/node_modules/protractor/node_modules/selenium-webdriver/lib/promise.js:3084:14)
    at TaskQueue.executeNext_ (/home/umar/.nvm/versions/node/v12.16.1/lib/node_modules/protractor/node_modules/selenium-webdriver/lib/promise.js:3067:27)
    at /home/umar/.nvm/versions/node/v12.16.1/lib/node_modules/protractor/node_modules/selenium-webdriver/lib/promise.js:2927:27
    at /home/umar/.nvm/versions/node/v12.16.1/lib/node_modules/protractor/node_modules/selenium-webdriver/lib/promise.js:668:7
    at processTicksAndRejections (internal/process/task_queues.js:97:5)Error
    at ElementArrayFinder.applyAction_ (/home/umar/.nvm/versions/node/v12.16.1/lib/node_modules/protractor/built/element.js:459:27)
    at ElementArrayFinder.<computed> [as getText] (/home/umar/.nvm/versions/node/v12.16.1/lib/node_modules/protractor/built/element.js:91:29)
    at ElementFinder.<computed> [as getText] (/home/umar/.nvm/versions/node/v12.16.1/lib/node_modules/protractor/built/element.js:831:22)
    at CalculatorPage.verifyResult (/home/umar/Documents/Protracor/Protractor_CIP/locator/calculator.js:18:21)
    at UserContext.<anonymous> (/home/umar/Documents/Protracor/Protractor_CIP/tests/calculator.js:23:24)
    at /home/umar/.nvm/versions/node/v12.16.1/lib/node_modules/protractor/node_modules/jasminewd2/index.js:112:25
    at new ManagedPromise (/home/umar/.nvm/versions/node/v12.16.1/lib/node_modules/protractor/node_modules/selenium-webdriver/lib/promise.js:1077:7)
    at ControlFlow.promise (/home/umar/.nvm/versions/node/v12.16.1/lib/node_modules/protractor/node_modules/selenium-webdriver/lib/promise.js:2505:12)
    at schedulerExecute (/home/umar/.nvm/versions/node/v12.16.1/lib/node_modules/protractor/node_modules/jasminewd2/index.js:95:18)
    at TaskQueue.execute_ (/home/umar/.nvm/versions/node/v12.16.1/lib/node_modules/protractor/node_modules/selenium-webdriver/lib/promise.js:3084:14)
From: Task: Run it("subtraction test") in control flow
    at UserContext.<anonymous> (/home/umar/.nvm/versions/node/v12.16.1/lib/node_modules/protractor/node_modules/jasminewd2/index.js:94:19)
    at attempt (/home/umar/.nvm/versions/node/v12.16.1/lib/node_modules/protractor/node_modules/jasmine-core/lib/jasmine-core/jasmine.js:4297:26)
    at QueueRunner.run (/home/umar/.nvm/versions/node/v12.16.1/lib/node_modules/protractor/node_modules/jasmine-core/lib/jasmine-core/jasmine.js:4217:20)
    at runNext (/home/umar/.nvm/versions/node/v12.16.1/lib/node_modules/protractor/node_modules/jasmine-core/lib/jasmine-core/jasmine.js:4257:20)
    at /home/umar/.nvm/versions/node/v12.16.1/lib/node_modules/protractor/node_modules/jasmine-core/lib/jasmine-core/jasmine.js:4264:13
    at /home/umar/.nvm/versions/node/v12.16.1/lib/node_modules/protractor/node_modules/jasmine-core/lib/jasmine-core/jasmine.js:4172:9
    at /home/umar/.nvm/versions/node/v12.16.1/lib/node_modules/protractor/node_modules/jasminewd2/index.js:64:48
    at ControlFlow.emit (/home/umar/.nvm/versions/node/v12.16.1/lib/node_modules/protractor/node_modules/selenium-webdriver/lib/events.js:62:21)
    at ControlFlow.shutdown_ (/home/umar/.nvm/versions/node/v12.16.1/lib/node_modules/protractor/node_modules/selenium-webdriver/lib/promise.js:2674:10)
    at /home/umar/.nvm/versions/node/v12.16.1/lib/node_modules/protractor/node_modules/selenium-webdriver/lib/promise.js:2599:53
From asynchronous test: 
Error
    at Suite.<anonymous> (/home/umar/Documents/Protracor/Protractor_CIP/tests/calculator.js:19:5)
    at addSpecsToSuite (/home/umar/.nvm/versions/node/v12.16.1/lib/node_modules/protractor/node_modules/jasmine-core/lib/jasmine-core/jasmine.js:1107:25)
    at Env.describe (/home/umar/.nvm/versions/node/v12.16.1/lib/node_modules/protractor/node_modules/jasmine-core/lib/jasmine-core/jasmine.js:1074:7)
    at describe (/home/umar/.nvm/versions/node/v12.16.1/lib/node_modules/protractor/node_modules/jasmine-core/lib/jasmine-core/jasmine.js:4399:18)
    at Object.<anonymous> (/home/umar/Documents/Protracor/Protractor_CIP/tests/calculator.js:4:1)
    at Module._compile (internal/modules/cjs/loader.js:1158:30)
    at Object.Module._extensions..js (internal/modules/cjs/loader.js:1178:10)
    at Module.load (internal/modules/cjs/loader.js:1002:32)
    at Function.Module._load (internal/modules/cjs/loader.js:901:14)]]>
   </failure>
  </testcase>
 </testsuite>
</testsuites>